<?xml version="1.0" encoding="UTF-8"?>
<testsuite xmlns:xsi="http://www.w3.org/2001/XMLSchema-instance" xsi:noNamespaceSchemaLocation="https://maven.apache.org/surefire/maven-surefire-plugin/xsd/surefire-test-report-3.0.xsd" version="3.0" name="com.cinar.newsAPI.NewsApiApplicationTests" time="7.015" tests="1" errors="0" skipped="0" failures="0">
  <properties>
[...]
</properties>
  <testcase name="contextLoads" classname="com.cinar.newsAPI.NewsApiApplicationTests" time="0.448">
    <system-out><![CDATA[19:33:18.338 [main] INFO org.springframework.test.context.support.AnnotationConfigContextLoaderUtils -- Could not detect default configuration classes for test class [com.cinar.newsAPI.NewsApiApplicationTests]: NewsApiApplicationTests does not declare any static, non-private, non-final, nested classes annotated with @Configuration.
19:33:18.461 [main] INFO org.springframework.boot.test.context.SpringBootTestContextBootstrapper -- Found @SpringBootConfiguration com.cinar.newsAPI.NewsApiApplication for test class com.cinar.newsAPI.NewsApiApplicationTests
19:33:18.651 [main] INFO org.springframework.boot.devtools.restart.RestartApplicationListener -- Restart disabled due to context in which it is running

  .   ____          _            __ _ _
 /\\ / ___'_ __ _ _(_)_ __  __ _ \ \ \ \
( ( )\___ | '_ | '_| | '_ \/ _` | \ \ \ \
 \\/  ___)| |_)| | | | | || (_| |  ) ) ) )
  '  |____| .__|_| |_|_| |_\__, | / / / /
 =========|_|==============|___/=/_/_/_/
 :: Spring Boot ::                (v3.2.1)

2024-01-24T19:33:18.935+03:00  INFO 11876 --- [           main] c.cinar.newsAPI.NewsApiApplicationTests  : Starting NewsApiApplicationTests using Java 21.0.1 with PID 11876 (started by Cinar in C:\Users\Cinar\Desktop\cinarGithub\newsAPI\newsAPI)
2024-01-24T19:33:18.936+03:00  INFO 11876 --- [           main] c.cinar.newsAPI.NewsApiApplicationTests  : No active profile set, falling back to 1 default profile: "default"
2024-01-24T19:33:20.008+03:00  INFO 11876 --- [           main] .s.d.r.c.RepositoryConfigurationDelegate : Bootstrapping Spring Data JPA repositories in DEFAULT mode.
2024-01-24T19:33:20.068+03:00  INFO 11876 --- [           main] .s.d.r.c.RepositoryConfigurationDelegate : Finished Spring Data repository scanning in 53 ms. Found 3 JPA repository interfaces.
2024-01-24T19:33:20.782+03:00  INFO 11876 --- [           main] o.hibernate.jpa.internal.util.LogHelper  : HHH000204: Processing PersistenceUnitInfo [name: default]
2024-01-24T19:33:20.879+03:00  INFO 11876 --- [           main] org.hibernate.Version                    : HHH000412: Hibernate ORM core version 6.4.1.Final
2024-01-24T19:33:20.929+03:00  INFO 11876 --- [           main] o.h.c.internal.RegionFactoryInitiator    : HHH000026: Second-level cache disabled
2024-01-24T19:33:21.247+03:00  INFO 11876 --- [           main] o.s.o.j.p.SpringPersistenceUnitInfo      : No LoadTimeWeaver setup: ignoring JPA class transformer
2024-01-24T19:33:21.288+03:00  INFO 11876 --- [           main] com.zaxxer.hikari.HikariDataSource       : HikariPool-1 - Starting...
2024-01-24T19:33:21.717+03:00  INFO 11876 --- [           main] com.zaxxer.hikari.pool.HikariPool        : HikariPool-1 - Added connection com.mysql.cj.jdbc.ConnectionImpl@6d9428f3
2024-01-24T19:33:21.720+03:00  INFO 11876 --- [           main] com.zaxxer.hikari.HikariDataSource       : HikariPool-1 - Start completed.
2024-01-24T19:33:22.763+03:00  INFO 11876 --- [           main] o.h.e.t.j.p.i.JtaPlatformInitiator       : HHH000489: No JTA platform available (set 'hibernate.transaction.jta.platform' to enable JTA platform integration)
2024-01-24T19:33:22.841+03:00  INFO 11876 --- [           main] j.LocalContainerEntityManagerFactoryBean : Initialized JPA EntityManagerFactory for persistence unit 'default'
2024-01-24T19:33:23.457+03:00  WARN 11876 --- [           main] JpaBaseConfiguration$JpaWebConfiguration : spring.jpa.open-in-view is enabled by default. Therefore, database queries may be performed during view rendering. Explicitly configure spring.jpa.open-in-view to disable this warning
2024-01-24T19:33:24.101+03:00  INFO 11876 --- [           main] o.s.s.web.DefaultSecurityFilterChain     : Will secure any request with [org.springframework.security.web.session.DisableEncodeUrlFilter@51751265, org.springframework.security.web.context.request.async.WebAsyncManagerIntegrationFilter@7f59f4e4, org.springframework.security.web.context.SecurityContextHolderFilter@7b1a9ab3, org.springframework.security.web.header.HeaderWriterFilter@1f4083ac, org.springframework.web.filter.CorsFilter@5295a774, org.springframework.security.web.authentication.logout.LogoutFilter@513cd96f, org.springframework.security.web.authentication.www.BasicAuthenticationFilter@2db07651, org.springframework.security.web.savedrequest.RequestCacheAwareFilter@7bfedff3, org.springframework.security.web.servletapi.SecurityContextHolderAwareRequestFilter@35bcf3a6, org.springframework.security.web.authentication.AnonymousAuthenticationFilter@3e09067, org.springframework.security.web.access.ExceptionTranslationFilter@c11ec9b, org.springframework.security.web.access.intercept.AuthorizationFilter@308498a8]
2024-01-24T19:33:24.710+03:00  INFO 11876 --- [           main] c.cinar.newsAPI.NewsApiApplicationTests  : Started NewsApiApplicationTests in 6.076 seconds (process running for 7.135)
]]></system-out>
    <system-err><![CDATA[WARNING: A Java agent has been loaded dynamically (C:\Users\Cinar\.m2\repository\net\bytebuddy\byte-buddy-agent\1.14.10\byte-buddy-agent-1.14.10.jar)
WARNING: If a serviceability tool is in use, please run with -XX:+EnableDynamicAgentLoading to hide this warning
WARNING: If a serviceability tool is not in use, please run with -Djdk.instrument.traceUsage for more information
WARNING: Dynamic loading of agents will be disallowed by default in a future release
]]></system-err>
  </testcase>
</testsuite>